21, 0, 10, 1.139095
21, 0, 1280, 22.352754
21, 0, 160, 3.473687
21, 0, 20, 1.260119
21, 0, 2560, 5.464937
21, 0, 320, 8.542350
21, 0, 40, 1.557845
21, 0, 640, 16.698081
21, 0, 80, 2.140849
21, 1, 10, 1.091659
21, 1, 1280, 11.746223
21, 1, 160, 2.731097
21, 1, 20, 1.238316
21, 1, 2560, 9.704885
21, 1, 320, 4.995300
21, 1, 40, 1.410781
21, 1, 640, 13.048548
21, 1, 80, 1.851285
21, 10, 10, 3.159328
21, 10, 1280, 5.081303
21, 10, 160, 3.632318
21, 10, 20, 3.264078
21, 10, 2560, 6.038624
21, 10, 320, 3.526409
21, 10, 40, 3.270517
21, 10, 640, 3.277840
21, 10, 80, 1.894199
21, 11, 10, 3.410407
21, 11, 1280, 4.906098
21, 11, 160, 3.899456
21, 11, 20, 3.267895
21, 11, 2560, 6.152591
21, 11, 320, 3.543815
21, 11, 40, 2.092743
21, 11, 640, 3.453286
21, 11, 80, 4.306491
21, 12, 10, 3.123444
21, 12, 1280, 5.959067
21, 12, 160, 4.514173
21, 12, 20, 3.164007
21, 12, 2560, 7.079174
21, 12, 320, 4.406682
21, 12, 40, 5.009644
21, 12, 640, 4.395223
21, 12, 80, 4.892729
21, 13, 10, 5.107132
21, 13, 1280, 6.029128
21, 13, 160, 4.520783
21, 13, 20, 5.077331
21, 13, 2560, 7.469165
21, 13, 320, 4.760388
21, 13, 40, 4.958982
21, 13, 640, 4.817859
21, 13, 80, 4.896103
21, 14, 10, 4.594792
21, 14, 1280, 6.336493
21, 14, 160, 4.151633
21, 14, 20, 4.614422
21, 14, 2560, 8.022660
21, 14, 320, 4.691486
21, 14, 40, 4.587403
21, 14, 640, 4.808332
21, 14, 80, 4.473316
21, 15, 10, 4.110810
21, 15, 1280, 6.142513
21, 15, 160, 3.563276
21, 15, 20, 4.113078
21, 15, 2560, 8.093631
21, 15, 320, 4.711770
21, 15, 40, 4.157759
21, 15, 640, 4.836682
21, 15, 80, 4.059597
21, 16, 10, 3.432664
21, 16, 1280, 6.492734
21, 16, 160, 4.611216
21, 16, 20, 3.337808
21, 16, 2560, 8.191780
21, 16, 320, 4.625348
21, 16, 40, 3.453960
21, 16, 640, 4.824549
21, 16, 80, 3.451352
21, 17, 10, 4.070927
21, 17, 1280, 6.965987
21, 17, 160, 5.851658
21, 17, 20, 4.155428
21, 17, 2560, 8.265962
21, 17, 320, 6.477417
21, 17, 40, 4.258029
21, 17, 640, 5.779237
21, 17, 80, 4.311454
21, 18, 10, 11.927734
21, 18, 1280, 10.004730
21, 18, 160, 12.387078
21, 18, 20, 12.079081
21, 18, 2560, 8.803103
21, 18, 320, 12.499520
21, 18, 40, 12.322828
21, 18, 640, 10.947572
21, 18, 80, 12.637614
21, 19, 10, 9.015749
21, 19, 1280, 7.817042
21, 19, 160, 8.918064
21, 19, 20, 8.557047
21, 19, 2560, 8.169648
21, 19, 320, 8.918640
21, 19, 40, 8.945302
21, 19, 640, 8.610264
21, 19, 80, 8.992286
21, 2, 10, 1.097523
21, 2, 1280, 11.770529
21, 2, 160, 2.421902
21, 2, 20, 1.207694
21, 2, 2560, 8.094050
21, 2, 320, 4.429343
21, 2, 40, 1.399672
21, 2, 640, 8.190777
21, 2, 80, 1.760780
21, 20, 10, 7.395756
21, 20, 1280, 7.099229
21, 20, 160, 7.273983
21, 20, 20, 7.561152
21, 20, 2560, 7.561282
21, 20, 320, 6.936794
21, 20, 40, 6.973699
21, 20, 640, 7.151495
21, 20, 80, 6.959963
21, 21, 10, 0.947294
21, 21, 1280, 0.874918
21, 21, 160, 1.019630
21, 21, 20, 1.034711
21, 21, 2560, 0.984363
21, 21, 320, 0.924168
21, 21, 40, 1.026963
21, 21, 640, 0.974116
21, 21, 80, 1.066314
21, 3, 10, 1.087009
21, 3, 1280, 9.303270
21, 3, 160, 2.225093
21, 3, 20, 1.180196
21, 3, 2560, 9.031299
21, 3, 320, 3.015571
21, 3, 40, 1.328173
21, 3, 640, 4.987456
21, 3, 80, 1.603457
21, 4, 10, 1.110761
21, 4, 1280, 6.727070
21, 4, 160, 2.087661
21, 4, 20, 1.180902
21, 4, 2560, 6.824873
21, 4, 320, 2.999462
21, 4, 40, 1.296281
21, 4, 640, 4.312904
21, 4, 80, 1.550286
21, 5, 10, 1.096051
21, 5, 1280, 5.173023
21, 5, 160, 1.973042
21, 5, 20, 1.202187
21, 5, 2560, 5.609127
21, 5, 320, 2.497424
21, 5, 40, 1.286283
21, 5, 640, 3.955622
21, 5, 80, 1.550808
21, 6, 10, 1.191244
21, 6, 1280, 4.777849
21, 6, 160, 2.230543
21, 6, 20, 1.241010
21, 6, 2560, 5.907973
21, 6, 320, 2.907671
21, 6, 40, 1.318725
21, 6, 640, 3.588755
21, 6, 80, 1.831514
21, 7, 10, 1.639259
21, 7, 1280, 4.704119
21, 7, 160, 1.849467
21, 7, 20, 1.670887
21, 7, 2560, 5.491910
21, 7, 320, 2.450409
21, 7, 40, 1.771737
21, 7, 640, 3.493057
21, 7, 80, 2.065736
21, 8, 10, 2.243739
21, 8, 1280, 4.235763
21, 8, 160, 2.969229
21, 8, 20, 2.287365
21, 8, 2560, 5.585629
21, 8, 320, 3.430549
21, 8, 40, 2.417234
21, 8, 640, 3.477920
21, 8, 80, 1.833545
21, 9, 10, 1.976058
21, 9, 1280, 4.507694
21, 9, 160, 2.475108
21, 9, 20, 2.146501
21, 9, 2560, 5.556268
21, 9, 320, 4.427031
21, 9, 40, 2.242708
21, 9, 640, 3.657634
21, 9, 80, 3.681650
